#
# There is insufficient memory for the Java Runtime Environment to continue.
# Native memory allocation (mmap) failed to map 264241152 bytes for G1 virtual space
# Possible reasons:
#   The system is out of physical RAM or swap space
#   The process is running with CompressedOops enabled, and the Java Heap may be blocking the growth of the native heap
# Possible solutions:
#   Reduce memory load on the system
#   Increase physical memory or swap space
#   Check if swap backing store is full
#   Decrease Java heap size (-Xmx/-Xms)
#   Decrease number of Java threads
#   Decrease Java thread stack sizes (-Xss)
#   Set larger code cache with -XX:ReservedCodeCacheSize=
#   JVM is running with Zero Based Compressed Oops mode in which the Java heap is
#     placed in the first 32GB address space. The Java Heap base address is the
#     maximum limit for the native heap growth. Please use -XX:HeapBaseMinAddress
#     to set the Java Heap base and to place the Java Heap above 32GB virtual address.
# This output file may be truncated or incomplete.
#
#  Out of Memory Error (os_windows.cpp:3825), pid=19112, tid=29260
#
# JRE version:  (17.0.10+8) (build )
# Java VM: OpenJDK 64-Bit Server VM (17.0.10+8-b1207.12, mixed mode, sharing, tiered, compressed oops, compressed class ptrs, g1 gc, windows-amd64)
# No core dump will be written. Minidumps are not enabled by default on client versions of Windows
#

---------------  S U M M A R Y ------------

Command Line: git4idea.http.GitAskPassApp Username for 'https://github.com': 

Host: 12th Gen Intel(R) Core(TM) i7-1260P, 16 cores, 15G,  Windows 11 , 64 bit Build 22621 (10.0.22621.3672)
Time: Wed Jul 31 15:16:37 2024  Windows 11 , 64 bit Build 22621 (10.0.22621.3672) elapsed time: 0.009116 seconds (0d 0h 0m 0s)

---------------  T H R E A D  ---------------

Current thread (0x000002bdf5cc4710):  JavaThread "Unknown thread" [_thread_in_vm, id=29260, stack(0x000000e1f0900000,0x000000e1f0a00000)]

Stack: [0x000000e1f0900000,0x000000e1f0a00000]
Native frames: (J=compiled Java code, j=interpreted, Vv=VM code, C=native code)
V  [jvm.dll+0x687989]
V  [jvm.dll+0x84116a]
V  [jvm.dll+0x842dae]
V  [jvm.dll+0x843413]
V  [jvm.dll+0x249ccf]
V  [jvm.dll+0x684759]
V  [jvm.dll+0x67900a]
V  [jvm.dll+0x30ab0b]
V  [jvm.dll+0x311fb6]
V  [jvm.dll+0x361d5e]
V  [jvm.dll+0x361f8f]
V  [jvm.dll+0x2e07f8]
V  [jvm.dll+0x2e1764]
V  [jvm.dll+0x811c31]
V  [jvm.dll+0x36fc11]
V  [jvm.dll+0x7f0666]
V  [jvm.dll+0x3f3daf]
V  [jvm.dll+0x3f5a41]
C  [jli.dll+0x528f]
C  [ucrtbase.dll+0x29333]
C  [KERNEL32.DLL+0x1257d]
C  [ntdll.dll+0x5af28]


---------------  P R O C E S S  ---------------

Threads class SMR info:
_java_thread_list=0x00007ffd2c21df58, length=0, elements={
}

Java Threads: ( => current thread )

Other Threads:
  0x000002bdf5d324b0 GCTaskThread "GC Thread#0" [stack: 0x000000e1f0a00000,0x000000e1f0b00000] [id=27316]
  0x000002bdf5d44e30 ConcurrentGCThread "G1 Main Marker" [stack: 0x000000e1f0b00000,0x000000e1f0c00000] [id=29528]
  0x000002bdf5d45f00 ConcurrentGCThread "G1 Conc#0" [stack: 0x000000e1f0c00000,0x000000e1f0d00000] [id=30132]

[error occurred during error reporting (printing all threads), id 0xc0000005, EXCEPTION_ACCESS_VIOLATION (0xc0000005) at pc=0x00007ffd2b9d13c7]

VM state: not at safepoint (not fully initialized)

VM Mutex/Monitor currently owned by a thread:  ([mutex/lock_event])
[0x000002bdf5cbf8b0] Heap_lock - owner thread: 0x000002bdf5cc4710

Heap address: 0x0000000704e00000, size: 4018 MB, Compressed Oops mode: Zero based, Oop shift amount: 3

CDS archive(s) mapped at: [0x0000000000000000-0x0000000000000000-0x0000000000000000), size 0, SharedBaseAddress: 0x0000000800000000, ArchiveRelocationMode: 1.
Narrow klass base: 0x0000000000000000, Narrow klass shift: 0, Narrow klass range: 0x0

GC Precious Log:
<Empty>

Heap:
 garbage-first heap   total 0K, used 0K [0x0000000704e00000, 0x0000000800000000)
  region size 2048K, 0 young (0K), 0 survivors (0K)
 Metaspace       used 0K, committed 0K, reserved 0K
  class space    used 0K, committed 0K, reserved 0K

Heap Regions: E=young(eden), S=young(survivor), O=old, HS=humongous(starts), HC=humongous(continues), CS=collection set, F=free, OA=open archive, CA=closed archive, TAMS=top-at-mark-start (previous, next)

Card table byte_map: [0x000002bdfa490000,0x000002bdfac70000] _byte_map_base: 0x000002bdf6c69000

Marking Bits (Prev, Next): (CMBitMap*) 0x000002bdf5d329e0, (CMBitMap*) 0x000002bdf5d32a20
 Prev Bits: [0x000002bdfb450000, 0x000002bdff318000)
 Next Bits: [0x000002bd8f000000, 0x000002bd92ec8000)

GC Heap History (0 events):
No events

Dll operation events (1 events):
Event: 0.005 Loaded shared library D:\IDEA\IntelliJ IDEA 2024.1\jbr\bin\java.dll

Deoptimization events (0 events):
No events

Classes unloaded (0 events):
No events

Classes redefined (0 events):
No events

Internal exceptions (0 events):
No events

VM Operations (0 events):
No events

Events (0 events):
No events


Dynamic libraries:
0x00007ff625950000 - 0x00007ff62595a000 	D:\IDEA\IntelliJ IDEA 2024.1\jbr\bin\java.exe
0x00007ffd84610000 - 0x00007ffd84827000 	C:\WINDOWS\SYSTEM32\ntdll.dll
0x00007ffd831f0000 - 0x00007ffd832b4000 	C:\WINDOWS\System32\KERNEL32.DLL
0x00007ffd81cb0000 - 0x00007ffd8205d000 	C:\WINDOWS\System32\KERNELBASE.dll
0x00007ffd82120000 - 0x00007ffd82231000 	C:\WINDOWS\System32\ucrtbase.dll
0x00007ffd2c3a0000 - 0x00007ffd2c3b7000 	D:\IDEA\IntelliJ IDEA 2024.1\jbr\bin\jli.dll
0x00007ffd39cd0000 - 0x00007ffd39ceb000 	D:\IDEA\IntelliJ IDEA 2024.1\jbr\bin\VCRUNTIME140.dll
0x00007ffd841e0000 - 0x00007ffd8438e000 	C:\WINDOWS\System32\USER32.dll
0x00007ffd6a4a0000 - 0x00007ffd6a733000 	C:\WINDOWS\WinSxS\amd64_microsoft.windows.common-controls_6595b64144ccf1df_6.0.22621.3672_none_2713b9d173822955\COMCTL32.dll
0x00007ffd81c80000 - 0x00007ffd81ca6000 	C:\WINDOWS\System32\win32u.dll
0x00007ffd82e90000 - 0x00007ffd82f37000 	C:\WINDOWS\System32\msvcrt.dll
0x00007ffd82600000 - 0x00007ffd82629000 	C:\WINDOWS\System32\GDI32.dll
0x00007ffd81b60000 - 0x00007ffd81c79000 	C:\WINDOWS\System32\gdi32full.dll
0x00007ffd82240000 - 0x00007ffd822da000 	C:\WINDOWS\System32\msvcp_win.dll
0x00007ffd83c20000 - 0x00007ffd83c51000 	C:\WINDOWS\System32\IMM32.DLL
0x00007ffd395c0000 - 0x00007ffd395cc000 	D:\IDEA\IntelliJ IDEA 2024.1\jbr\bin\vcruntime140_1.dll
0x00007ffd37f10000 - 0x00007ffd37f9d000 	D:\IDEA\IntelliJ IDEA 2024.1\jbr\bin\msvcp140.dll
0x00007ffd2b6e0000 - 0x00007ffd2c362000 	D:\IDEA\IntelliJ IDEA 2024.1\jbr\bin\server\jvm.dll
0x00007ffd82480000 - 0x00007ffd82532000 	C:\WINDOWS\System32\ADVAPI32.dll
0x00007ffd82360000 - 0x00007ffd82409000 	C:\WINDOWS\System32\sechost.dll
0x00007ffd81b30000 - 0x00007ffd81b58000 	C:\WINDOWS\System32\bcrypt.dll
0x00007ffd83ae0000 - 0x00007ffd83bf4000 	C:\WINDOWS\System32\RPCRT4.dll
0x00007ffd81650000 - 0x00007ffd8169d000 	C:\WINDOWS\SYSTEM32\POWRPROF.dll
0x00007ffd73a60000 - 0x00007ffd73a69000 	C:\WINDOWS\SYSTEM32\WSOCK32.dll
0x00007ffd84390000 - 0x00007ffd84401000 	C:\WINDOWS\System32\WS2_32.dll
0x00007ffd76130000 - 0x00007ffd76164000 	C:\WINDOWS\SYSTEM32\WINMM.dll
0x00007ffd680f0000 - 0x00007ffd680fa000 	C:\WINDOWS\SYSTEM32\VERSION.dll
0x00007ffd81630000 - 0x00007ffd81643000 	C:\WINDOWS\SYSTEM32\UMPDC.dll
0x00007ffd80940000 - 0x00007ffd80958000 	C:\WINDOWS\SYSTEM32\kernel.appcore.dll
0x00007ffd76810000 - 0x00007ffd7681a000 	D:\IDEA\IntelliJ IDEA 2024.1\jbr\bin\jimage.dll
0x00007ffd7f140000 - 0x00007ffd7f372000 	C:\WINDOWS\SYSTEM32\DBGHELP.DLL
0x00007ffd83e50000 - 0x00007ffd841d8000 	C:\WINDOWS\System32\combase.dll
0x00007ffd83110000 - 0x00007ffd831e7000 	C:\WINDOWS\System32\OLEAUT32.dll
0x00007ffd4f9a0000 - 0x00007ffd4f9d2000 	C:\WINDOWS\SYSTEM32\dbgcore.DLL
0x00007ffd81ab0000 - 0x00007ffd81b2b000 	C:\WINDOWS\System32\bcryptPrimitives.dll
0x00007ffd2c3c0000 - 0x00007ffd2c3e5000 	D:\IDEA\IntelliJ IDEA 2024.1\jbr\bin\java.dll

dbghelp: loaded successfully - version: 4.0.5 - missing functions: none
symbol engine: initialized successfully - sym options: 0x614 - pdb path: .;D:\IDEA\IntelliJ IDEA 2024.1\jbr\bin;C:\WINDOWS\SYSTEM32;C:\WINDOWS\WinSxS\amd64_microsoft.windows.common-controls_6595b64144ccf1df_6.0.22621.3672_none_2713b9d173822955;D:\IDEA\IntelliJ IDEA 2024.1\jbr\bin\server

VM Arguments:
java_command: git4idea.http.GitAskPassApp Username for 'https://github.com': 
java_class_path (initial): D:/IDEA/IntelliJ IDEA 2024.1/plugins/vcs-git/lib/git4idea-rt.jar;D:/IDEA/IntelliJ IDEA 2024.1/lib/externalProcess-rt.jar
Launcher Type: SUN_STANDARD

[Global flags]
     intx CICompilerCount                          = 12                                        {product} {ergonomic}
     uint ConcGCThreads                            = 3                                         {product} {ergonomic}
     uint G1ConcRefinementThreads                  = 13                                        {product} {ergonomic}
   size_t G1HeapRegionSize                         = 2097152                                   {product} {ergonomic}
    uintx GCDrainStackTargetSize                   = 64                                        {product} {ergonomic}
   size_t InitialHeapSize                          = 264241152                                 {product} {ergonomic}
   size_t MarkStackSize                            = 4194304                                   {product} {ergonomic}
   size_t MaxHeapSize                              = 4213178368                                {product} {ergonomic}
   size_t MinHeapDeltaBytes                        = 2097152                                   {product} {ergonomic}
   size_t MinHeapSize                              = 8388608                                   {product} {ergonomic}
    uintx NonNMethodCodeHeapSize                   = 7602480                                {pd product} {ergonomic}
    uintx NonProfiledCodeHeapSize                  = 122027880                              {pd product} {ergonomic}
    uintx ProfiledCodeHeapSize                     = 122027880                              {pd product} {ergonomic}
    uintx ReservedCodeCacheSize                    = 251658240                              {pd product} {ergonomic}
     bool SegmentedCodeCache                       = true                                      {product} {ergonomic}
   size_t SoftMaxHeapSize                          = 4213178368                             {manageable} {ergonomic}
     bool UseCompressedClassPointers               = true                           {product lp64_product} {ergonomic}
     bool UseCompressedOops                        = true                           {product lp64_product} {ergonomic}
     bool UseG1GC                                  = true                                      {product} {ergonomic}
     bool UseLargePagesIndividualAllocation        = false                                  {pd product} {ergonomic}

Logging:
Log output configuration:
 #0: stdout all=warning uptime,level,tags
 #1: stderr all=off uptime,level,tags

Environment Variables:
JAVA_HOME=E:\java\jdk-11.0.23_windows-x64_bin\jdk-11.0.23
CLASSPATH=.;E:\java\jdk-11.0.23_windows-x64_bin\jdk-11.0.23\lib;E:\java\jdk-11.0.23_windows-x64_bin\jdk-11.0.23\lib\tools.jar
PATH=D:/Program Files/Git/mingw64/libexec/git-core;D:/Program Files/Git/mingw64/libexec/git-core;D:\Program Files\Git\mingw64\bin;D:\Program Files\Git\usr\bin;C:\Users\Å·Ñô½¡Àö\bin;E:\java\jdk-11.0.23_windows-x64_bin\jdk-11.0.23\bin;D:\VMwareWorkstation\bin\;E:\Scripts\;E:\;C:\Program Files (x86)\Common Files\Oracle\Java\javapath;C:\WINDOWS\system32;C:\WINDOWS;C:\WINDOWS\System32\Wbem;C:\WINDOWS\System32\WindowsPowerShell\v1.0\;C:\WINDOWS\System32\OpenSSH\;C:\Program Files\dotnet\;E:\java\jdk-11.0.23_windows-x64_bin\jdk-11.0.23\jre\bin;E:\java\jdk-11.0.23_windows-x64_bin\jdk-11.0.23\bin;"E:\cpp\mingw64\bin;%MinGW_HOME%\bin";\bin;E:\cpp\mingw64\bin;\apache-maven\apache-maven-3.6.3\bin;C:\Program Files\MySQL\MySQL Server 8.0\bin;D:\SoftMgr\apache-tomcat-9.0.87-windows-x64\apache-tomcat-9.0.87\bin;D:\curl-7.62.0-win64-mingw\curl-7.62.0-win64-mingw\curl-7.62.0-win64-mingw\bin;D:\Program Files\Git\cmd;C:\Program Files (x86)\STMicroelectronics\STM32 ST-LINK Utility\ST-LINK Utility;D:\node\NODE\;D:\node\NODE;D:\node\NODE\node_global\node_modules\yarn\bin;D:\node\NODE\node_cache;D:\node\NODE\node_global;D:\node\NODE\node_cnpm;D:\node\NODE\node_global%;D:\maven\apache-maven-3.9.7-bin\apache-maven-3.9.7\bin;D:\Python\python3119;D:\Python\python3119\Scripts;D:\Program Files\Git\cmd;D:\node-v16.15.0;E:\Xshell\;E:\Xtfp\;D:\python3.8.10\Scripts\;D:\python3.8.10\;D:\Python\python3119\Scripts\;D:\Python\python3119\;C:\Program Files\MySQL\MySQL Shell 8.0\bin\;C:\Users\Å·Ñô½¡Àö\AppData\Local\Microsoft\WindowsApps;E:\Microsoft VS Code\bin;E:\IntelliJ IDEA Community Edition 2021.3.3\bin;D:\DevEco_Studio\DevEco_Code\DevEco Studio\bin;D:\Pyhton\PyCharm Community Edition 2024.1\bin;D:\Python\Python310;D:\IDEA\IntelliJ IDEA 2024.1\bin;D:\yonStudio\YonStudio\bin;C:\Users\Å·Ñô½¡Àö\AppData\Roaming\npm;E:\WebStorm\WebStorm 2024.1.5\bin
USERNAME=Å·Ñô½¡Àö
DISPLAY=:0.0
LC_ALL=en_US.UTF-8
TERM=xterm-256color
TMPDIR=C:\WINDOWS\TEMP
OS=Windows_NT
PROCESSOR_IDENTIFIER=Intel64 Family 6 Model 154 Stepping 3, GenuineIntel
TMP=C:\WINDOWS\TEMP
TEMP=C:\WINDOWS\TEMP



Periodic native trim disabled

JNI global refs:
JNI global refs: 0, weak refs: 0

JNI global refs memory usage: 0, weak refs: 0

OOME stack traces (most recent first):
Classloader memory used:


---------------  S Y S T E M  ---------------

OS:
 Windows 11 , 64 bit Build 22621 (10.0.22621.3672)
OS uptime: 0 days 3:00 hours
Hyper-V role detected

CPU: total 16 (initial active 16) (8 cores per cpu, 2 threads per core) family 6 model 154 stepping 3 microcode 0x432, cx8, cmov, fxsr, ht, mmx, 3dnowpref, sse, sse2, sse3, ssse3, sse4.1, sse4.2, popcnt, lzcnt, tsc, tscinvbit, avx, avx2, aes, erms, clmul, bmi1, bmi2, adx, sha, fma, vzeroupper, clflush, clflushopt, clwb, hv
Processor Information for processor 0
  Max Mhz: 2100, Current Mhz: 2100, Mhz Limit: 2100
Processor Information for processor 1
  Max Mhz: 2100, Current Mhz: 2100, Mhz Limit: 2100
Processor Information for processor 2
  Max Mhz: 2100, Current Mhz: 2100, Mhz Limit: 2100
Processor Information for processor 3
  Max Mhz: 2100, Current Mhz: 2100, Mhz Limit: 2100
Processor Information for processor 4
  Max Mhz: 2100, Current Mhz: 2100, Mhz Limit: 2100
Processor Information for processor 5
  Max Mhz: 2100, Current Mhz: 2100, Mhz Limit: 2100
Processor Information for processor 6
  Max Mhz: 2100, Current Mhz: 2100, Mhz Limit: 2100
Processor Information for processor 7
  Max Mhz: 2100, Current Mhz: 2100, Mhz Limit: 2100
Processor Information for processor 8
  Max Mhz: 2100, Current Mhz: 1500, Mhz Limit: 1491
Processor Information for processor 9
  Max Mhz: 2100, Current Mhz: 1500, Mhz Limit: 1491
Processor Information for processor 10
  Max Mhz: 2100, Current Mhz: 1500, Mhz Limit: 1491
Processor Information for processor 11
  Max Mhz: 2100, Current Mhz: 1500, Mhz Limit: 1491
Processor Information for processor 12
  Max Mhz: 2100, Current Mhz: 1500, Mhz Limit: 1491
Processor Information for processor 13
  Max Mhz: 2100, Current Mhz: 1500, Mhz Limit: 1491
Processor Information for processor 14
  Max Mhz: 2100, Current Mhz: 1500, Mhz Limit: 1491
Processor Information for processor 15
  Max Mhz: 2100, Current Mhz: 1500, Mhz Limit: 1491

Memory: 4k page, system-wide physical 16068M (1075M free)
TotalPageFile size 25367M (AvailPageFile size 146M)
current process WorkingSet (physical memory assigned to process): 11M, peak: 11M
current process commit charge ("private bytes"): 70M, peak: 322M

vm_info: OpenJDK 64-Bit Server VM (17.0.10+8-b1207.12) for windows-amd64 JRE (17.0.10+8-b1207.12), built on 2024-03-15 by "builduser" with MS VC++ 16.10 / 16.11 (VS2019)

END.
